<?xml version="1.0" encoding="UTF-8"?>
<!-- Generated by org.testng.reporters.JUnitReportReporter -->
<testsuite hostname="DESKTOP-IT1KP8Q" name="org.testing.testScripts.TC5" tests="1" failures="0" timestamp="3 Jun 2020 11:24:12 GMT" time="92.204" errors="0">
  <testcase name="like" time="92.204" classname="org.testing.testScripts.TC5"/>
</testsuite> <!-- org.testing.testScripts.TC5 -->
