<?xml version="1.0" encoding="UTF-8"?>
<!-- Generated by org.testng.reporters.JUnitReportReporter -->
<testsuite hostname="DESKTOP-IT1KP8Q" name="org.testing.testScripts.TC3" tests="1" failures="0" timestamp="3 Jun 2020 11:02:34 GMT" time="73.234" errors="0">
  <testcase name="library" time="73.234" classname="org.testing.testScripts.TC3"/>
</testsuite> <!-- org.testing.testScripts.TC3 -->
