<?xml version="1.0" encoding="UTF-8"?>
<!-- Generated by org.testng.reporters.JUnitReportReporter -->
<testsuite hostname="DESKTOP-IT1KP8Q" name="org.testing.testScripts.TC4" tests="1" failures="0" timestamp="3 Jun 2020 11:05:21 GMT" time="74.822" errors="0">
  <testcase name="history" time="74.822" classname="org.testing.testScripts.TC4"/>
</testsuite> <!-- org.testing.testScripts.TC4 -->
