<?xml version="1.0" encoding="UTF-8"?>
<!-- Generated by org.testng.reporters.JUnitReportReporter -->
<testsuite hostname="DESKTOP-IT1KP8Q" name="org.testing.testScripts.TC6" tests="1" failures="0" timestamp="3 Jun 2020 11:37:24 GMT" time="107.360" errors="0">
  <testcase name="channelSubscribe" time="107.360" classname="org.testing.testScripts.TC6"/>
</testsuite> <!-- org.testing.testScripts.TC6 -->
