<?xml version="1.0" encoding="UTF-8"?>
<!-- Generated by org.testng.reporters.JUnitReportReporter -->
<testsuite hostname="DESKTOP-IT1KP8Q" name="org.testing.testScripts.TC7" tests="1" failures="0" timestamp="3 Jun 2020 11:59:04 GMT" time="100.531" errors="0">
  <testcase name="commentPost" time="100.531" classname="org.testing.testScripts.TC7"/>
</testsuite> <!-- org.testing.testScripts.TC7 -->
