<?xml version="1.0" encoding="UTF-8"?>
<!-- Generated by org.testng.reporters.JUnitReportReporter -->
<testsuite hostname="DESKTOP-IT1KP8Q" name="org.testing.testScripts.TC2" tests="1" failures="0" timestamp="3 Jun 2020 10:58:06 GMT" time="78.392" errors="0">
  <testcase name="subscriptions" time="78.392" classname="org.testing.testScripts.TC2"/>
</testsuite> <!-- org.testing.testScripts.TC2 -->
